INFO:Classification: Started
INFO:Classification: Attempting to open file
INFO:Classification: File opened
INFO:Classification: Importing data...
INFO:Classification: No. Training Samples: 400
INFO:Classification: No. Testing Samples: 100
INFO:Classification: Test Set, Class Sample Distribution: [20, 20, 20, 20, 20]
INFO:Classification: default flag enabled
INFO:Classification: SVM Default
INFO:Classification:
              precision    recall  f1-score   support

           0       0.90      0.95      0.93        20
           1       0.71      0.75      0.73        20
           2       0.78      0.70      0.74        20
           3       0.67      0.50      0.57        20
           4       0.68      0.85      0.76        20

    accuracy                           0.75       100
   macro avg       0.75      0.75      0.74       100
weighted avg       0.75      0.75      0.74       100

INFO:Classification: Overall Accuracy 75.0%
INFO:Classification: KNN Default
INFO:Classification:
              precision    recall  f1-score   support

           0       0.87      1.00      0.93        20
           1       0.79      0.75      0.77        20
           2       0.74      0.85      0.79        20
           3       0.65      0.55      0.59        20
           4       0.72      0.65      0.68        20

    accuracy                           0.76       100
   macro avg       0.75      0.76      0.75       100
weighted avg       0.75      0.76      0.75       100

INFO:Classification: Overall Accuracy 76.0%
INFO:Classification: CNB Default
INFO:Classification:
              precision    recall  f1-score   support

           0       0.51      1.00      0.68        20
           1       0.50      0.05      0.09        20
           2       0.47      0.45      0.46        20
           3       0.48      0.75      0.59        20
           4       0.67      0.30      0.41        20

    accuracy                           0.51       100
   macro avg       0.53      0.51      0.45       100
weighted avg       0.53      0.51      0.45       100

INFO:Classification: Overall Accuracy 51.0%
INFO:Classification: Finished
